<?xml version="1.0" encoding="UTF-8"?>
<!-- Generated by org.testng.reporters.JUnitXMLReporter -->
<testsuite ignored="0" hostname="LAPTOP-0TH2U9N4" failures="0" tests="5" name="Test1" time="17.588" errors="0" timestamp="2024-03-03T10:11:43 IST">
  <testcase classname="com.myAutomation.tests.ParametarizationConcept" name="openBrowser" time="6.873"/>
  <testcase classname="com.myAutomation.tests.ParametarizationConcept" name="launchApplication" time="2.116"/>
  <testcase classname="com.myAutomation.tests.ParametarizationConcept" name="enterCredentials" time="0.238"/>
  <testcase classname="com.myAutomation.tests.ParametarizationConcept" name="clickLoginBtn" time="4.815"/>
  <testcase classname="com.myAutomation.tests.ParametarizationConcept" name="verifyLogin" time="3.439"/>
</testsuite> <!-- Test1 -->
