<?xml version="1.0" encoding="UTF-8"?>
<!-- Generated by org.testng.reporters.JUnitXMLReporter -->
<testsuite ignored="0" hostname="LAPTOP-0TH2U9N4" failures="0" tests="5" name="Test2" time="17.688" errors="0" timestamp="2024-03-03T10:11:43 IST">
  <testcase classname="com.myAutomation.tests.ParametarizationConcept" name="openBrowser" time="6.874"/>
  <testcase classname="com.myAutomation.tests.ParametarizationConcept" name="launchApplication" time="2.291"/>
  <testcase classname="com.myAutomation.tests.ParametarizationConcept" name="enterCredentials" time="0.365"/>
  <testcase classname="com.myAutomation.tests.ParametarizationConcept" name="clickLoginBtn" time="4.333"/>
  <testcase classname="com.myAutomation.tests.ParametarizationConcept" name="verifyLogin" time="3.714"/>
</testsuite> <!-- Test2 -->
