<?xml version="1.0" encoding="UTF-8"?>
<!-- Generated by org.testng.reporters.JUnitXMLReporter -->
<testsuite ignored="1" hostname="LAPTOP-0TH2U9N4" failures="0" tests="1" name="Test1" time="22.397" errors="0" timestamp="2024-02-27T16:13:15 IST">
  <testcase classname="com.myAutomation.tests.Sample_Test" name="acmeLogin" time="22.343"/>
  <testcase classname="com.myAutomation.tests.Sample_Test" name="swagLogin" time="0.0">
    <ignored/>
  </testcase> <!-- swagLogin -->
</testsuite> <!-- Test1 -->
