<?xml version="1.0" encoding="UTF-8"?>
<testng-results ignored="0" total="2" passed="2" failed="0" skipped="0">
  <reporter-output>
  </reporter-output>
  <suite started-at="2025-02-21T23:23:15 IST" name="Default suite" finished-at="2025-02-21T23:23:16 IST" duration-ms="1307">
    <groups>
    </groups>
    <test started-at="2025-02-21T23:23:15 IST" name="Default test" finished-at="2025-02-21T23:23:16 IST" duration-ms="1307">
      <class name="com.myAutomation.dataProvider.DataProviderEx4">
        <test-method signature="test(java.lang.String,java.lang.String,java.lang.String)[pri:0, instance:com.myAutomation.dataProvider.DataProviderEx4@2d52216b]" started-at="2025-02-21T23:23:16 IST" name="test" data-provider="loginCredentials" finished-at="2025-02-21T23:23:16 IST" duration-ms="13" status="PASS">
          <params>
            <param index="0">
              <value>
                <![CDATA[valid]]>
              </value>
            </param>
            <param index="1">
              <value>
                <![CDATA[n130547rguktn@gmail.com]]>
              </value>
            </param>
            <param index="2">
              <value>
                <![CDATA[Hyder#584]]>
              </value>
            </param>
          </params>
          <reporter-output>
          </reporter-output>
        </test-method> <!-- test -->
        <test-method signature="test(java.lang.String,java.lang.String,java.lang.String)[pri:0, instance:com.myAutomation.dataProvider.DataProviderEx4@2d52216b]" started-at="2025-02-21T23:23:16 IST" name="test" data-provider="loginCredentials" finished-at="2025-02-21T23:23:16 IST" duration-ms="2" status="PASS">
          <params>
            <param index="0">
              <value>
                <![CDATA[invalid]]>
              </value>
            </param>
            <param index="1">
              <value>
                <![CDATA[johnwick@gmail.com]]>
              </value>
            </param>
            <param index="2">
              <value>
                <![CDATA[abceefg@123]]>
              </value>
            </param>
          </params>
          <reporter-output>
          </reporter-output>
        </test-method> <!-- test -->
      </class> <!-- com.myAutomation.dataProvider.DataProviderEx4 -->
    </test> <!-- Default test -->
  </suite> <!-- Default suite -->
</testng-results>
